This is cutadapt 1.17 with Python 2.7.9
Command line parameters: --discard-untrimmed --minimum-length 10 -e 0 -g TCCAGCTTTGTCTGGTTAATTCCG -e 0 -O 24 -
Running on 1 core
Trimming 1 adapter with at most 0.0% errors in single-end mode ...
Finished in 103.25 s (21 us/read; 2.89 M reads/minute).

=== Summary ===

Total reads processed:               4,969,646
Reads with adapters:                    66,712 (1.3%)
Reads that were too short:                  12 (0.0%)
Reads written (passing filters):        66,700 (1.3%)

Total basepairs processed:   750,416,546 bp
Total written (filtered):      8,271,096 bp (1.1%)

=== Adapter 1 ===

Sequence: TCCAGCTTTGTCTGGTTAATTCCG; Type: regular 5'; Length: 24; Trimmed: 66712 times.

No. of allowed errors:
0-24 bp: 0

Overview of removed sequences
length	count	expect	max.err	error counts
24	658	0.0	0	658
25	708	0.0	0	708
26	1288	0.0	0	1288
27	63942	0.0	0	63942
28	45	0.0	0	45
29	3	0.0	0	3
30	1	0.0	0	1
31	1	0.0	0	1
33	1	0.0	0	1
34	1	0.0	0	1
37	1	0.0	0	1
73	1	0.0	0	1
76	1	0.0	0	1
79	2	0.0	0	2
80	1	0.0	0	1
81	2	0.0	0	2
86	1	0.0	0	1
87	1	0.0	0	1
94	2	0.0	0	2
95	1	0.0	0	1
101	4	0.0	0	4
102	1	0.0	0	1
103	1	0.0	0	1
105	1	0.0	0	1
106	1	0.0	0	1
109	1	0.0	0	1
111	1	0.0	0	1
112	1	0.0	0	1
113	2	0.0	0	2
117	1	0.0	0	1
118	1	0.0	0	1
119	1	0.0	0	1
120	3	0.0	0	3
121	3	0.0	0	3
122	4	0.0	0	4
125	3	0.0	0	3
126	1	0.0	0	1
130	1	0.0	0	1
131	1	0.0	0	1
132	1	0.0	0	1
137	1	0.0	0	1
139	2	0.0	0	2
140	2	0.0	0	2
141	1	0.0	0	1
143	2	0.0	0	2
144	2	0.0	0	2
146	3	0.0	0	3
149	1	0.0	0	1
150	1	0.0	0	1
151	3	0.0	0	3

This is cutadapt 1.17 with Python 2.7.9
Command line parameters: -e 0 -a GCAATAACAGGTCTGTGA -
Running on 1 core
Trimming 1 adapter with at most 0.0% errors in single-end mode ...
Finished in 1.57 s (24 us/read; 2.55 M reads/minute).

=== Summary ===

Total reads processed:                  66,700
Reads with adapters:                    60,149 (90.2%)
Reads written (passing filters):        66,700 (100.0%)

Total basepairs processed:     8,271,096 bp
Total written (filtered):      6,870,914 bp (83.1%)

=== Adapter 1 ===

Sequence: GCAATAACAGGTCTGTGA; Type: regular 3'; Length: 18; Trimmed: 60149 times.

No. of allowed errors:
0-18 bp: 0

Bases preceding removed adapters:
  A: 57.0%
  C: 0.2%
  G: 42.7%
  T: 0.1%
  none/other: 0.0%

Overview of removed sequences
length	count	expect	max.err	error counts
3	183	1042.2	0	183
4	15	260.5	0	15
5	117	65.1	0	117
6	84	16.3	0	84
7	104	4.1	0	104
8	101	1.0	0	101
9	61	0.3	0	61
10	55	0.1	0	55
11	29	0.0	0	29
12	52	0.0	0	52
13	114	0.0	0	114
14	114	0.0	0	114
15	194	0.0	0	194
16	327	0.0	0	327
17	671	0.0	0	671
18	803	0.0	0	803
19	1441	0.0	0	1441
20	1535	0.0	0	1535
21	2913	0.0	0	2913
22	10990	0.0	0	10990
23	5294	0.0	0	5294
24	22557	0.0	0	22557
25	3617	0.0	0	3617
26	1729	0.0	0	1729
27	2317	0.0	0	2317
28	4193	0.0	0	4193
29	234	0.0	0	234
30	84	0.0	0	84
31	73	0.0	0	73
32	10	0.0	0	10
33	11	0.0	0	11
34	1	0.0	0	1
35	1	0.0	0	1
36	4	0.0	0	4
37	2	0.0	0	2
38	4	0.0	0	4
39	12	0.0	0	12
40	2	0.0	0	2
41	17	0.0	0	17
42	3	0.0	0	3
43	3	0.0	0	3
44	17	0.0	0	17
45	5	0.0	0	5
46	9	0.0	0	9
47	1	0.0	0	1
49	1	0.0	0	1
50	4	0.0	0	4
51	4	0.0	0	4
52	2	0.0	0	2
53	1	0.0	0	1
55	9	0.0	0	9
56	6	0.0	0	6
57	1	0.0	0	1
58	4	0.0	0	4
59	2	0.0	0	2
61	1	0.0	0	1
62	1	0.0	0	1
65	4	0.0	0	4
67	1	0.0	0	1
70	2	0.0	0	2
74	1	0.0	0	1
80	1	0.0	0	1
104	1	0.0	0	1

