This is cutadapt 1.17 with Python 2.7.9
Command line parameters: --discard-untrimmed --minimum-length 10 -e 0 -g AAGCAGTCACAGACCTGTTATTGC -e 0 -O 24 -
Running on 1 core
Trimming 1 adapter with at most 0.0% errors in single-end mode ...
Finished in 109.20 s (22 us/read; 2.73 M reads/minute).

=== Summary ===

Total reads processed:               4,969,646
Reads with adapters:                    70,715 (1.4%)
Reads that were too short:                  10 (0.0%)
Reads written (passing filters):        70,705 (1.4%)

Total basepairs processed:   750,416,546 bp
Total written (filtered):      8,768,435 bp (1.2%)

=== Adapter 1 ===

Sequence: AAGCAGTCACAGACCTGTTATTGC; Type: regular 5'; Length: 24; Trimmed: 70715 times.

No. of allowed errors:
0-24 bp: 0

Overview of removed sequences
length	count	expect	max.err	error counts
24	464	0.0	0	464
25	511	0.0	0	511
26	807	0.0	0	807
27	68848	0.0	0	68848
28	47	0.0	0	47
30	1	0.0	0	1
37	1	0.0	0	1
50	1	0.0	0	1
74	1	0.0	0	1
81	1	0.0	0	1
84	1	0.0	0	1
87	1	0.0	0	1
88	1	0.0	0	1
89	1	0.0	0	1
90	1	0.0	0	1
94	2	0.0	0	2
106	1	0.0	0	1
109	1	0.0	0	1
118	1	0.0	0	1
119	1	0.0	0	1
120	1	0.0	0	1
123	1	0.0	0	1
124	1	0.0	0	1
125	2	0.0	0	2
128	1	0.0	0	1
129	1	0.0	0	1
135	1	0.0	0	1
138	2	0.0	0	2
140	2	0.0	0	2
142	2	0.0	0	2
146	1	0.0	0	1
147	2	0.0	0	2
148	2	0.0	0	2
151	3	0.0	0	3

This is cutadapt 1.17 with Python 2.7.9
Command line parameters: -e 0 -a CGGAATTAACCAGACAAA -
Running on 1 core
Trimming 1 adapter with at most 0.0% errors in single-end mode ...
Finished in 1.90 s (27 us/read; 2.23 M reads/minute).

=== Summary ===

Total reads processed:                  70,705
Reads with adapters:                    65,262 (92.3%)
Reads written (passing filters):        70,705 (100.0%)

Total basepairs processed:     8,768,435 bp
Total written (filtered):      7,249,102 bp (82.7%)

=== Adapter 1 ===

Sequence: CGGAATTAACCAGACAAA; Type: regular 3'; Length: 18; Trimmed: 65262 times.

No. of allowed errors:
0-18 bp: 0

Bases preceding removed adapters:
  A: 44.0%
  C: 0.1%
  G: 0.1%
  T: 55.9%
  none/other: 0.0%

Overview of removed sequences
length	count	expect	max.err	error counts
3	129	1104.8	0	129
4	17	276.2	0	17
5	131	69.0	0	131
6	90	17.3	0	90
7	108	4.3	0	108
8	120	1.1	0	120
9	61	0.3	0	61
10	59	0.1	0	59
11	22	0.0	0	22
12	62	0.0	0	62
13	128	0.0	0	128
14	119	0.0	0	119
15	211	0.0	0	211
16	336	0.0	0	336
17	764	0.0	0	764
18	869	0.0	0	869
19	1577	0.0	0	1577
20	1663	0.0	0	1663
21	3102	0.0	0	3102
22	11968	0.0	0	11968
23	5747	0.0	0	5747
24	24787	0.0	0	24787
25	3702	0.0	0	3702
26	1815	0.0	0	1815
27	2575	0.0	0	2575
28	4690	0.0	0	4690
29	180	0.0	0	180
30	57	0.0	0	57
31	57	0.0	0	57
32	9	0.0	0	9
33	10	0.0	0	10
35	1	0.0	0	1
36	1	0.0	0	1
37	1	0.0	0	1
38	2	0.0	0	2
39	12	0.0	0	12
41	13	0.0	0	13
42	2	0.0	0	2
44	23	0.0	0	23
45	4	0.0	0	4
46	5	0.0	0	5
47	1	0.0	0	1
49	2	0.0	0	2
51	2	0.0	0	2
55	3	0.0	0	3
56	8	0.0	0	8
57	1	0.0	0	1
58	2	0.0	0	2
59	1	0.0	0	1
61	1	0.0	0	1
62	1	0.0	0	1
65	3	0.0	0	3
68	2	0.0	0	2
70	2	0.0	0	2
74	1	0.0	0	1
76	1	0.0	0	1
80	1	0.0	0	1
104	1	0.0	0	1

