This is cutadapt 1.17 with Python 2.7.9
Command line parameters: --discard-untrimmed --minimum-length 10 -e 0 -g TCCAGCTTTGTCTGGTTAATTCCG -e 0 -O 24 -
Running on 1 core
Trimming 1 adapter with at most 0.0% errors in single-end mode ...
Finished in 96.24 s (19 us/read; 3.10 M reads/minute).

=== Summary ===

Total reads processed:               4,969,646
Reads with adapters:                    70,121 (1.4%)
Reads that were too short:                  10 (0.0%)
Reads written (passing filters):        70,111 (1.4%)

Total basepairs processed:   750,416,546 bp
Total written (filtered):      8,693,640 bp (1.2%)

=== Adapter 1 ===

Sequence: TCCAGCTTTGTCTGGTTAATTCCG; Type: regular 5'; Length: 24; Trimmed: 70121 times.

No. of allowed errors:
0-24 bp: 0

Overview of removed sequences
length	count	expect	max.err	error counts
24	622	0.0	0	622
25	607	0.0	0	607
26	885	0.0	0	885
27	67892	0.0	0	67892
28	55	0.0	0	55
30	1	0.0	0	1
31	2	0.0	0	2
34	1	0.0	0	1
45	1	0.0	0	1
74	1	0.0	0	1
75	2	0.0	0	2
84	2	0.0	0	2
86	1	0.0	0	1
88	1	0.0	0	1
95	1	0.0	0	1
96	1	0.0	0	1
100	1	0.0	0	1
109	1	0.0	0	1
111	2	0.0	0	2
112	2	0.0	0	2
113	1	0.0	0	1
114	1	0.0	0	1
115	1	0.0	0	1
116	1	0.0	0	1
119	2	0.0	0	2
120	1	0.0	0	1
121	3	0.0	0	3
123	2	0.0	0	2
124	2	0.0	0	2
125	2	0.0	0	2
126	3	0.0	0	3
128	1	0.0	0	1
133	1	0.0	0	1
134	1	0.0	0	1
135	1	0.0	0	1
137	1	0.0	0	1
138	3	0.0	0	3
139	1	0.0	0	1
140	2	0.0	0	2
142	2	0.0	0	2
143	1	0.0	0	1
144	1	0.0	0	1
145	1	0.0	0	1
146	1	0.0	0	1
147	1	0.0	0	1
149	1	0.0	0	1
150	2	0.0	0	2

This is cutadapt 1.17 with Python 2.7.9
Command line parameters: -e 0 -a GCAATAACAGGTCTGTGA -
Running on 1 core
Trimming 1 adapter with at most 0.0% errors in single-end mode ...
Finished in 1.79 s (26 us/read; 2.35 M reads/minute).

=== Summary ===

Total reads processed:                  70,111
Reads with adapters:                    64,715 (92.3%)
Reads written (passing filters):        70,111 (100.0%)

Total basepairs processed:     8,693,640 bp
Total written (filtered):      7,188,243 bp (82.7%)

=== Adapter 1 ===

Sequence: GCAATAACAGGTCTGTGA; Type: regular 3'; Length: 18; Trimmed: 64715 times.

No. of allowed errors:
0-18 bp: 0

Bases preceding removed adapters:
  A: 54.8%
  C: 0.2%
  G: 45.0%
  T: 0.1%
  none/other: 0.0%

Overview of removed sequences
length	count	expect	max.err	error counts
3	168	1095.5	0	168
4	7	273.9	0	7
5	111	68.5	0	111
6	98	17.1	0	98
7	98	4.3	0	98
8	109	1.1	0	109
9	49	0.3	0	49
10	75	0.1	0	75
11	20	0.0	0	20
12	57	0.0	0	57
13	119	0.0	0	119
14	106	0.0	0	106
15	194	0.0	0	194
16	328	0.0	0	328
17	722	0.0	0	722
18	914	0.0	0	914
19	1458	0.0	0	1458
20	1554	0.0	0	1554
21	3124	0.0	0	3124
22	12212	0.0	0	12212
23	5759	0.0	0	5759
24	24673	0.0	0	24673
25	3687	0.0	0	3687
26	1856	0.0	0	1856
27	2524	0.0	0	2524
28	4219	0.0	0	4219
29	209	0.0	0	209
30	69	0.0	0	69
31	71	0.0	0	71
32	8	0.0	0	8
33	19	0.0	0	19
34	1	0.0	0	1
36	1	0.0	0	1
37	2	0.0	0	2
38	2	0.0	0	2
39	11	0.0	0	11
40	4	0.0	0	4
41	12	0.0	0	12
42	3	0.0	0	3
43	1	0.0	0	1
44	22	0.0	0	22
45	2	0.0	0	2
46	1	0.0	0	1
47	1	0.0	0	1
48	1	0.0	0	1
49	1	0.0	0	1
50	3	0.0	0	3
51	3	0.0	0	3
52	4	0.0	0	4
53	2	0.0	0	2
55	1	0.0	0	1
56	14	0.0	0	14
58	1	0.0	0	1
59	1	0.0	0	1
61	2	0.0	0	2
77	1	0.0	0	1
79	1	0.0	0	1

