This is cutadapt 1.17 with Python 2.7.9
Command line parameters: --discard-untrimmed --minimum-length 10 -e 0 -g AAGCAGTCACAGACCTGTTATTGC -e 0 -O 24 -
Running on 1 core
Trimming 1 adapter with at most 0.0% errors in single-end mode ...
Finished in 101.20 s (20 us/read; 2.95 M reads/minute).

=== Summary ===

Total reads processed:               4,969,646
Reads with adapters:                    69,540 (1.4%)
Reads that were too short:                   7 (0.0%)
Reads written (passing filters):        69,533 (1.4%)

Total basepairs processed:   750,416,546 bp
Total written (filtered):      8,623,700 bp (1.1%)

=== Adapter 1 ===

Sequence: AAGCAGTCACAGACCTGTTATTGC; Type: regular 5'; Length: 24; Trimmed: 69540 times.

No. of allowed errors:
0-24 bp: 0

Overview of removed sequences
length	count	expect	max.err	error counts
24	540	0.0	0	540
25	653	0.0	0	653
26	1170	0.0	0	1170
27	67067	0.0	0	67067
28	61	0.0	0	61
29	2	0.0	0	2
30	2	0.0	0	2
31	1	0.0	0	1
32	1	0.0	0	1
34	2	0.0	0	2
35	2	0.0	0	2
37	2	0.0	0	2
40	1	0.0	0	1
47	1	0.0	0	1
75	1	0.0	0	1
76	1	0.0	0	1
81	1	0.0	0	1
84	1	0.0	0	1
90	1	0.0	0	1
91	1	0.0	0	1
93	2	0.0	0	2
97	1	0.0	0	1
98	1	0.0	0	1
100	1	0.0	0	1
105	1	0.0	0	1
109	1	0.0	0	1
110	1	0.0	0	1
113	1	0.0	0	1
118	1	0.0	0	1
121	1	0.0	0	1
123	1	0.0	0	1
124	3	0.0	0	3
125	1	0.0	0	1
126	1	0.0	0	1
132	1	0.0	0	1
135	1	0.0	0	1
136	1	0.0	0	1
137	1	0.0	0	1
141	1	0.0	0	1
142	1	0.0	0	1
147	2	0.0	0	2
148	2	0.0	0	2
149	1	0.0	0	1
150	1	0.0	0	1

This is cutadapt 1.17 with Python 2.7.9
Command line parameters: -e 0 -a CGGAATTAACCAGACAAA -
Running on 1 core
Trimming 1 adapter with at most 0.0% errors in single-end mode ...
Finished in 1.65 s (24 us/read; 2.52 M reads/minute).

=== Summary ===

Total reads processed:                  69,533
Reads with adapters:                    62,874 (90.4%)
Reads written (passing filters):        69,533 (100.0%)

Total basepairs processed:     8,623,700 bp
Total written (filtered):      7,157,397 bp (83.0%)

=== Adapter 1 ===

Sequence: CGGAATTAACCAGACAAA; Type: regular 3'; Length: 18; Trimmed: 62874 times.

No. of allowed errors:
0-18 bp: 0

Bases preceding removed adapters:
  A: 43.9%
  C: 0.1%
  G: 0.1%
  T: 55.9%
  none/other: 0.0%

Overview of removed sequences
length	count	expect	max.err	error counts
3	111	1086.5	0	111
4	30	271.6	0	30
5	112	67.9	0	112
6	80	17.0	0	80
7	94	4.2	0	94
8	105	1.1	0	105
9	61	0.3	0	61
10	75	0.1	0	75
11	18	0.0	0	18
12	51	0.0	0	51
13	124	0.0	0	124
14	98	0.0	0	98
15	174	0.0	0	174
16	311	0.0	0	311
17	695	0.0	0	695
18	880	0.0	0	880
19	1422	0.0	0	1422
20	1516	0.0	0	1516
21	2883	0.0	0	2883
22	11541	0.0	0	11541
23	5576	0.0	0	5576
24	24004	0.0	0	24004
25	3723	0.0	0	3723
26	1822	0.0	0	1822
27	2583	0.0	0	2583
28	4298	0.0	0	4298
29	224	0.0	0	224
30	69	0.0	0	69
31	67	0.0	0	67
32	8	0.0	0	8
33	13	0.0	0	13
34	2	0.0	0	2
36	2	0.0	0	2
37	1	0.0	0	1
38	2	0.0	0	2
39	11	0.0	0	11
40	5	0.0	0	5
41	11	0.0	0	11
42	6	0.0	0	6
43	1	0.0	0	1
44	23	0.0	0	23
45	2	0.0	0	2
47	1	0.0	0	1
48	1	0.0	0	1
49	1	0.0	0	1
50	5	0.0	0	5
51	4	0.0	0	4
52	4	0.0	0	4
53	1	0.0	0	1
54	1	0.0	0	1
56	13	0.0	0	13
60	1	0.0	0	1
61	2	0.0	0	2
62	1	0.0	0	1
68	1	0.0	0	1
71	1	0.0	0	1
77	1	0.0	0	1
79	1	0.0	0	1
81	1	0.0	0	1

